{"/Users/zaraky/Documents/Coaching BL/sort-new/src/js/app.modules.js": {"path":"/Users/zaraky/Documents/Coaching BL/sort-new/src/js/app.modules.js","statementMap":{"0":{"start":{"line":1,"column":15},"end":{"line":3,"column":1}},"1":{"start":{"line":2,"column":2},"end":{"line":2,"column":20}},"2":{"start":{"line":5,"column":20},"end":{"line":12,"column":1}},"3":{"start":{"line":6,"column":15},"end":{"line":6,"column":17}},"4":{"start":{"line":7,"column":2},"end":{"line":10,"column":35}},"5":{"start":{"line":8,"column":17},"end":{"line":8,"column":28}},"6":{"start":{"line":9,"column":18},"end":{"line":9,"column":31}},"7":{"start":{"line":10,"column":18},"end":{"line":10,"column":34}},"8":{"start":{"line":11,"column":2},"end":{"line":11,"column":15}},"9":{"start":{"line":14,"column":23},"end":{"line":21,"column":1}},"10":{"start":{"line":15,"column":15},"end":{"line":15,"column":39}},"11":{"start":{"line":17,"column":2},"end":{"line":19,"column":3}},"12":{"start":{"line":18,"column":4},"end":{"line":18,"column":44}},"13":{"start":{"line":20,"column":2},"end":{"line":20,"column":38}},"14":{"start":{"line":23,"column":21},"end":{"line":47,"column":1}},"15":{"start":{"line":24,"column":15},"end":{"line":24,"column":17}},"16":{"start":{"line":25,"column":16},"end":{"line":25,"column":34}},"17":{"start":{"line":26,"column":11},"end":{"line":26,"column":29}},"18":{"start":{"line":27,"column":2},"end":{"line":40,"column":4}},"19":{"start":{"line":28,"column":17},"end":{"line":28,"column":27}},"20":{"start":{"line":29,"column":17},"end":{"line":29,"column":27}},"21":{"start":{"line":31,"column":4},"end":{"line":33,"column":5}},"22":{"start":{"line":32,"column":6},"end":{"line":32,"column":14}},"23":{"start":{"line":35,"column":4},"end":{"line":37,"column":5}},"24":{"start":{"line":36,"column":6},"end":{"line":36,"column":15}},"25":{"start":{"line":39,"column":4},"end":{"line":39,"column":12}},"26":{"start":{"line":42,"column":2},"end":{"line":44,"column":3}},"27":{"start":{"line":43,"column":4},"end":{"line":43,"column":20}},"28":{"start":{"line":46,"column":2},"end":{"line":46,"column":15}},"29":{"start":{"line":49,"column":23},"end":{"line":51,"column":1}},"30":{"start":{"line":50,"column":2},"end":{"line":50,"column":98}},"31":{"start":{"line":50,"column":31},"end":{"line":50,"column":97}},"32":{"start":{"line":53,"column":21},"end":{"line":59,"column":1}},"33":{"start":{"line":54,"column":19},"end":{"line":54,"column":21}},"34":{"start":{"line":55,"column":2},"end":{"line":57,"column":3}},"35":{"start":{"line":56,"column":4},"end":{"line":56,"column":42}},"36":{"start":{"line":58,"column":2},"end":{"line":58,"column":19}},"37":{"start":{"line":61,"column":15},"end":{"line":113,"column":1}},"38":{"start":{"line":62,"column":23},"end":{"line":62,"column":58}},"39":{"start":{"line":63,"column":25},"end":{"line":63,"column":62}},"40":{"start":{"line":64,"column":2},"end":{"line":64,"column":29}},"41":{"start":{"line":65,"column":2},"end":{"line":65,"column":31}},"42":{"start":{"line":67,"column":28},"end":{"line":67,"column":40}},"43":{"start":{"line":69,"column":2},"end":{"line":79,"column":4}},"44":{"start":{"line":70,"column":21},"end":{"line":70,"column":53}},"45":{"start":{"line":71,"column":4},"end":{"line":71,"column":36}},"46":{"start":{"line":72,"column":4},"end":{"line":72,"column":32}},"47":{"start":{"line":73,"column":4},"end":{"line":73,"column":24}},"48":{"start":{"line":74,"column":4},"end":{"line":76,"column":6}},"49":{"start":{"line":75,"column":6},"end":{"line":75,"column":40}},"50":{"start":{"line":78,"column":4},"end":{"line":78,"column":42}},"51":{"start":{"line":81,"column":2},"end":{"line":112,"column":4}},"52":{"start":{"line":82,"column":17},"end":{"line":82,"column":45}},"53":{"start":{"line":85,"column":15},"end":{"line":85,"column":43}},"54":{"start":{"line":86,"column":4},"end":{"line":86,"column":47}},"55":{"start":{"line":87,"column":4},"end":{"line":87,"column":34}},"56":{"start":{"line":88,"column":4},"end":{"line":88,"column":28}},"57":{"start":{"line":91,"column":15},"end":{"line":91,"column":43}},"58":{"start":{"line":92,"column":4},"end":{"line":92,"column":28}},"59":{"start":{"line":93,"column":4},"end":{"line":93,"column":34}},"60":{"start":{"line":94,"column":4},"end":{"line":94,"column":28}},"61":{"start":{"line":97,"column":17},"end":{"line":97,"column":45}},"62":{"start":{"line":98,"column":4},"end":{"line":98,"column":39}},"63":{"start":{"line":99,"column":4},"end":{"line":99,"column":30}},"64":{"start":{"line":102,"column":18},"end":{"line":102,"column":46}},"65":{"start":{"line":103,"column":4},"end":{"line":103,"column":41}},"66":{"start":{"line":104,"column":4},"end":{"line":104,"column":31}},"67":{"start":{"line":107,"column":17},"end":{"line":107,"column":45}},"68":{"start":{"line":108,"column":4},"end":{"line":108,"column":39}},"69":{"start":{"line":109,"column":4},"end":{"line":109,"column":30}},"70":{"start":{"line":111,"column":4},"end":{"line":111,"column":36}},"71":{"start":{"line":115,"column":0},"end":{"line":120,"column":1}}},"fnMap":{"0":{"name":"(anonymous_0)","decl":{"start":{"line":1,"column":15},"end":{"line":1,"column":16}},"loc":{"start":{"line":1,"column":25},"end":{"line":3,"column":1}},"line":1},"1":{"name":"(anonymous_1)","decl":{"start":{"line":5,"column":20},"end":{"line":5,"column":21}},"loc":{"start":{"line":5,"column":35},"end":{"line":12,"column":1}},"line":5},"2":{"name":"(anonymous_2)","decl":{"start":{"line":8,"column":8},"end":{"line":8,"column":9}},"loc":{"start":{"line":8,"column":17},"end":{"line":8,"column":28}},"line":8},"3":{"name":"(anonymous_3)","decl":{"start":{"line":9,"column":8},"end":{"line":9,"column":9}},"loc":{"start":{"line":9,"column":18},"end":{"line":9,"column":31}},"line":9},"4":{"name":"(anonymous_4)","decl":{"start":{"line":10,"column":9},"end":{"line":10,"column":10}},"loc":{"start":{"line":10,"column":18},"end":{"line":10,"column":34}},"line":10},"5":{"name":"(anonymous_5)","decl":{"start":{"line":14,"column":23},"end":{"line":14,"column":24}},"loc":{"start":{"line":14,"column":62},"end":{"line":21,"column":1}},"line":14},"6":{"name":"(anonymous_6)","decl":{"start":{"line":23,"column":21},"end":{"line":23,"column":22}},"loc":{"start":{"line":23,"column":42},"end":{"line":47,"column":1}},"line":23},"7":{"name":"(anonymous_7)","decl":{"start":{"line":27,"column":26},"end":{"line":27,"column":27}},"loc":{"start":{"line":27,"column":36},"end":{"line":40,"column":3}},"line":27},"8":{"name":"(anonymous_8)","decl":{"start":{"line":49,"column":23},"end":{"line":49,"column":24}},"loc":{"start":{"line":49,"column":42},"end":{"line":51,"column":1}},"line":49},"9":{"name":"(anonymous_9)","decl":{"start":{"line":50,"column":21},"end":{"line":50,"column":22}},"loc":{"start":{"line":50,"column":31},"end":{"line":50,"column":97}},"line":50},"10":{"name":"(anonymous_10)","decl":{"start":{"line":53,"column":21},"end":{"line":53,"column":22}},"loc":{"start":{"line":53,"column":43},"end":{"line":59,"column":1}},"line":53},"11":{"name":"(anonymous_11)","decl":{"start":{"line":61,"column":15},"end":{"line":61,"column":16}},"loc":{"start":{"line":61,"column":66},"end":{"line":113,"column":1}},"line":61},"12":{"name":"(anonymous_12)","decl":{"start":{"line":69,"column":15},"end":{"line":69,"column":16}},"loc":{"start":{"line":69,"column":26},"end":{"line":79,"column":3}},"line":69},"13":{"name":"(anonymous_13)","decl":{"start":{"line":74,"column":41},"end":{"line":74,"column":42}},"loc":{"start":{"line":74,"column":47},"end":{"line":76,"column":5}},"line":74},"14":{"name":"(anonymous_14)","decl":{"start":{"line":81,"column":40},"end":{"line":81,"column":41}},"loc":{"start":{"line":81,"column":53},"end":{"line":112,"column":3}},"line":81}},"branchMap":{"0":{"loc":{"start":{"line":14,"column":24},"end":{"line":14,"column":33}},"type":"default-arg","locations":[{"start":{"line":14,"column":31},"end":{"line":14,"column":33}}],"line":14},"1":{"loc":{"start":{"line":17,"column":2},"end":{"line":19,"column":3}},"type":"if","locations":[{"start":{"line":17,"column":2},"end":{"line":19,"column":3}},{"start":{"line":17,"column":2},"end":{"line":19,"column":3}}],"line":17},"2":{"loc":{"start":{"line":23,"column":22},"end":{"line":23,"column":31}},"type":"default-arg","locations":[{"start":{"line":23,"column":29},"end":{"line":23,"column":31}}],"line":23},"3":{"loc":{"start":{"line":31,"column":4},"end":{"line":33,"column":5}},"type":"if","locations":[{"start":{"line":31,"column":4},"end":{"line":33,"column":5}},{"start":{"line":31,"column":4},"end":{"line":33,"column":5}}],"line":31},"4":{"loc":{"start":{"line":35,"column":4},"end":{"line":37,"column":5}},"type":"if","locations":[{"start":{"line":35,"column":4},"end":{"line":37,"column":5}},{"start":{"line":35,"column":4},"end":{"line":37,"column":5}}],"line":35},"5":{"loc":{"start":{"line":42,"column":2},"end":{"line":44,"column":3}},"type":"if","locations":[{"start":{"line":42,"column":2},"end":{"line":44,"column":3}},{"start":{"line":42,"column":2},"end":{"line":44,"column":3}}],"line":42},"6":{"loc":{"start":{"line":53,"column":28},"end":{"line":53,"column":38}},"type":"default-arg","locations":[{"start":{"line":53,"column":36},"end":{"line":53,"column":38}}],"line":53},"7":{"loc":{"start":{"line":61,"column":22},"end":{"line":61,"column":61}},"type":"default-arg","locations":[{"start":{"line":61,"column":37},"end":{"line":61,"column":61}}],"line":61},"8":{"loc":{"start":{"line":81,"column":2},"end":{"line":112,"column":4}},"type":"binary-expr","locations":[{"start":{"line":81,"column":2},"end":{"line":81,"column":17}},{"start":{"line":81,"column":21},"end":{"line":112,"column":4}}],"line":81},"9":{"loc":{"start":{"line":98,"column":23},"end":{"line":98,"column":39}},"type":"binary-expr","locations":[{"start":{"line":98,"column":23},"end":{"line":98,"column":32}},{"start":{"line":98,"column":36},"end":{"line":98,"column":39}}],"line":98},"10":{"loc":{"start":{"line":103,"column":24},"end":{"line":103,"column":41}},"type":"binary-expr","locations":[{"start":{"line":103,"column":24},"end":{"line":103,"column":34}},{"start":{"line":103,"column":38},"end":{"line":103,"column":41}}],"line":103},"11":{"loc":{"start":{"line":108,"column":23},"end":{"line":108,"column":39}},"type":"binary-expr","locations":[{"start":{"line":108,"column":23},"end":{"line":108,"column":32}},{"start":{"line":108,"column":36},"end":{"line":108,"column":39}}],"line":108}},"s":{"0":1,"1":0,"2":1,"3":0,"4":0,"5":0,"6":0,"7":0,"8":0,"9":1,"10":0,"11":0,"12":0,"13":0,"14":1,"15":0,"16":0,"17":0,"18":0,"19":0,"20":0,"21":0,"22":0,"23":0,"24":0,"25":0,"26":0,"27":0,"28":0,"29":1,"30":0,"31":0,"32":1,"33":2,"34":2,"35":2,"36":2,"37":1,"38":2,"39":2,"40":2,"41":2,"42":2,"43":2,"44":1,"45":1,"46":1,"47":1,"48":1,"49":0,"50":1,"51":2,"52":1,"53":1,"54":1,"55":1,"56":1,"57":1,"58":1,"59":1,"60":1,"61":1,"62":1,"63":1,"64":1,"65":1,"66":1,"67":1,"68":1,"69":1,"70":1,"71":1},"f":{"0":0,"1":0,"2":0,"3":0,"4":0,"5":0,"6":0,"7":0,"8":0,"9":0,"10":2,"11":2,"12":1,"13":0,"14":1},"b":{"0":[0],"1":[0,0],"2":[0],"3":[0,0],"4":[0,0],"5":[0,0],"6":[1],"7":[2],"8":[2,1],"9":[1,0],"10":[1,0],"11":[1,0]},"_coverageSchema":"332fd63041d2c1bcb487cc26dd0d5f7d97098a6c","hash":"ae7cc9a3ced935eaa22338c603b591cd61ec706f"}
}
